SAVE_TO_FILE=true DEPLOY_POA=true POA_NETWORK_CONSENSUS_ADDRESS=0x8bf38d4764929064f2d4d3a56520a76ab3df415b MASTER_OF_CEREMONY=0xa866b64fb6374CBC1Bc2d0BE7da5D3eb82ee5249 ./node_modules/.bin/truffle migrate --reset --network sokol
Compiling ./contracts/BallotsStorage.sol...
Compiling ./contracts/EmissionFunds.sol...
Compiling ./contracts/KeysManager.sol...
Compiling ./contracts/Migrations.sol...
Compiling ./contracts/PoaNetworkConsensus.sol...
Compiling ./contracts/ProxyStorage.sol...
Compiling ./contracts/RewardByBlock.sol...
Compiling ./contracts/RewardByTime.sol...
Compiling ./contracts/ValidatorMetadata.sol...
Compiling ./contracts/VotingToChangeKeys.sol...
Compiling ./contracts/VotingToChangeMinThreshold.sol...
Compiling ./contracts/VotingToChangeProxyAddress.sol...
Compiling ./contracts/VotingToManageEmissionFunds.sol...
Compiling ./contracts/abstracts/EnumBallotTypes.sol...
Compiling ./contracts/abstracts/EnumKeyTypes.sol...
Compiling ./contracts/abstracts/EnumThresholdTypes.sol...
Compiling ./contracts/abstracts/VotingTo.sol...
Compiling ./contracts/abstracts/VotingToChange.sol...
Compiling ./contracts/eternal-storage/EternalStorage.sol...
Compiling ./contracts/eternal-storage/EternalStorageProxy.sol...
Compiling ./contracts/interfaces/IBallotsStorage.sol...
Compiling ./contracts/interfaces/IEmissionFunds.sol...
Compiling ./contracts/interfaces/IEternalStorageProxy.sol...
Compiling ./contracts/interfaces/IKeysManager.sol...
Compiling ./contracts/interfaces/IPoaNetworkConsensus.sol...
Compiling ./contracts/interfaces/IProxyStorage.sol...
Compiling ./contracts/interfaces/IRewardByBlock.sol...
Compiling ./contracts/interfaces/IRewardByTime.sol...
Compiling ./contracts/interfaces/IValidatorMetadata.sol...
Compiling ./contracts/interfaces/IVotingToChangeKeysPrev.sol...
Compiling ./contracts/interfaces/IVotingToChangeMinThresholdPrev.sol...
Compiling ./contracts/interfaces/IVotingToChangePrev.sol...
Compiling ./contracts/interfaces/IVotingToChangeProxyAddressPrev.sol...
Compiling ./contracts/libs/SafeMath.sol...
Writing artifacts to ./build/contracts

Using network 'sokol'.

Running migration: 1_initial_migration.js
  Deploying Migrations...
  ... 0x9dc623c9fb4cdce20789e0e6afb58159d1c33ef2cf79d9f56a182c0269b39956
  Migrations: 0xa46e8c0a3b40d2cbf2d21435ff2fbdaa8dbecf36
Saving successful migration to network...
  ... 0xfd74fa450800a2adb5d0ac8c8fa02af9300b1fa8a01ea938570a8e1648ddd5db
Saving artifacts...
Running migration: 2_deploy_contract.js
  Running step...
  ... 0xcde2010076b4a65852bc73fb02b7f109955231be6b06b6f0e6560fe4f43239a8
  ... 0x61d3f927fd6117d47f0f951745260f8dd8d007f8bcc8a8230da27e4d6469ce54
  ... 0xe66a8238c9edebe987bcef7a83b78078900178f8954508118e0467472149e39a
  ... 0x89215118a62652de6c5397c1c751cb0e82bb209dd7d39b4aef6b064ced8ac850
  ... 0x723e7eb6601e73d882cfdd33b58fbca7356b4d093c79d7744eee7263cc33c168
  ... 0x089d31ca0de5c15a1855c82840714e87943c57f716b40172d5964468f41ee7b1
  ... 0x5b42dbd5ff191dd7160ebf9b59844df9818a39e6362ef7aed7a0fbcb42baa569
  ... 0x1e96dbe4d4d8e4a1f3a2e49a678da9dd01cd049302557fc71bf4eaa7227ef413
  ... 0x53b601ae362a1024d08b779c011efa52d4fa1d10f7202a0f52ebdca7b3fe7247
  ... 0xd8e8289eebc8d2e9d7d31e84c124ff2103671af45bdbd35cef49fdf8bb6967a2
  ... 0x8afd1c489673134600bf8f84b59004dd910d9f900d6fcd0fda006fedb86a0095
  ... 0xd95ba74220cc8aa5fe25e0cd8f85bcfb36af109ba288cf54ce1673bb4a4b310b
  ... 0xcb9fadae967143c1f19fd79cba23d37dce07177f523aa4f4524708fa9029bb9f
  ... 0x0e1162cba0715c345d164b502a9d28b93bb01a027661654bd4ea2f1761c2db40
  ... 0xb21c082c880200136975a108504f388b35c26a89579066368976f75e6a69fd8f
  ... 0xddac25dc4f8e5044c6ba7e8552555fb2bcc2b72bd4bf905d9fc5e2c13a2a68c9
  ... 0xb2b27da94c0b61019000f30d5270003ea4fa438fe684385e59ec5d69aa9a31c4
  ... 0x4956c944cc268fcdb03a027e8b758df576d35a4142ff8351c7bd8d25939a80db
  ... 0x959e82711c9d07f46b40aff3b2db811799528ebf346ca62dc4c91d4a3e3bbe54
  ... 0xb5689c3a6bf9b4f13ab588fce91f9eeb847e075358f56a148bd54fb37846621f
  ... 0x70178a6253e525d9070b45e57c553ccc12641e938d9b2e414678e0b97f617fec
  ... 0x64151f2ae7b8f9ed456e7806650b10fa759dec760d3183c2da561273f0bc11d0
  ... 0xffe608b9860c25399cad897ba405ee0e236dfd74a3bb34b976d495e50fff0323
  ... 0xbe0d0b28c8856507ecb9fdb26cbb29b4fcf07f36d923b39fc91e77c7a3b7b501
  ... 0x86596b47803f4e4be3f607dc01124f1903c2a09972a01e8153979ecdada0289b
  ... 0x95310a9b720e81d7a3ef05afe91dfa805f9f3370f6b2630a201e76e38947ea81
  ... 0x05ad2339e49c9b3b96b3e48c9130c901273f664a83cd23c358386f953a0882bd
  ... 0xda33f083cce6bec65a6edfc224e3dcd7e00f9649379f045325b541aa4e35d628
  ... 0xb47675b25c9c4cba2562b0d067e90db6a99af2d220ab31e6d5963673b64bc286
  ... 0x1306be81463cea04ff3323bd3cb437dc5e5e37a5ef807e6d18c4036ba2944f6c
  ... 0xa51e52f51e54d2580051dbcde424d3529d1d62f4ffc6d1be48064fa598f923bf
  ... 0x18f59dd3aa79849c769570e85fe25dee8020f19bccf37a1ee37d459e0f09af7c

Done. ADDRESSES: 
  VotingToChangeKeys.address (implementation) ........ 0xb5c6a0580a48360d02cc43e2f26bc536de25c888
  VotingToChangeKeys.address (storage) ............... 0x50d585e6eb7e3cf3623f83ac646c4bf5906d8d42
  VotingToChangeMinThreshold.address (implementation). 0xf333b99bb010876f63fafb44fb6c47951b7c846d
  VotingToChangeMinThreshold.address (storage) ....... 0xa62e0000e9d1e0494c694d0a7fedac11e2465f0a
  VotingToChangeProxyAddress.address (implementation). 0xede4cda7c0a9a78f28c22a0f092c5fb90c45970e
  VotingToChangeProxyAddress.address (storage) ....... 0xc2b74a37c4cee41219f1caaa44aeeb9a3807a869
  VotingToManageEmissionFunds.address (implementation) 0x16a518d9a66a6e4d9a18059f8e417f6d6aa052ac
  VotingToManageEmissionFunds.address (storage) ...... 0x82cd117cd6037934546d9307ed6fd917721f0562
  BallotsStorage.address (implementation) ............ 0x681d021d9d232eb7574e2a02e26c7ecd424724c4
  BallotsStorage.address (storage) ................... 0x8d39785fc0e15956007e2ba4f9cdcf78cd37e801
  KeysManager.address (implementation) ............... 0x9a2a02ab1cde53b5b292d96f2c6f3c349d1845cb
  KeysManager.address (storage) ...................... 0xbc8e6bab7d0ce84a36a24cbefa49f87fcd88be96
  ValidatorMetadata.address (implementation) ......... 0xe27eda1ebeea4d4a1e2239c6e381557348a27c74
  ValidatorMetadata.address (storage) ................ 0xb8da5018314deba5c7c1213acd9d7c5380b47c33
  ProxyStorage.address (implementation) .............. 0x3a0d5844a9bd0c8eae77b177a9d674a781bf4ba0
  ProxyStorage.address (storage) ..................... 0xa6edc6316aa6273e7d00f325b6c8f5fb1d8596fa
  PoaNetworkConsensus.address ........................ 0x4d72ad2609e8cb0a9b7227da21ae14b7811f00b8
  EmissionFunds.address .............................. 0x2c06c98e02a7074bb4a825b7268fcd58ed27ca1d
  RewardByBlock.address (implementation) ............. 0x5266636eC639305fCd8Ee9E933ea3442c94DA79b
  RewardByBlock.address (storage) .................... 0xc12f47c4f37b3384b258ab29e6ca5ead750a0840
        
Saving successful migration to network...
  ... 0xf91cfdb492ccdd4e5a19d289b6232b69e2a3a270a9695d6e9afccf0c35863b9d
Saving artifacts...

